# JRE version: Java(TM) SE Runtime Environment (8.0_141-b15) (build 1.8.0_141-b15)
# Java VM: Java HotSpot(TM) 64-Bit Server VM (25.141-b15 mixed mode windows-amd64 compressed oops)
Heap:
 PSYoungGen      total 71680K, used 20055K [0x00000000d5a00000, 0x00000000de600000, 0x0000000100000000)
  eden space 66560K, 30% used [0x00000000d5a00000,0x00000000d6d95e40,0x00000000d9b00000)
  from space 5120K, 0% used [0x00000000d9b00000,0x00000000d9b00000,0x00000000da000000)
  to   space 5120K, 0% used [0x00000000de100000,0x00000000de100000,0x00000000de600000)
 ParOldGen       total 115712K, used 35346K [0x0000000080e00000, 0x0000000087f00000, 0x00000000d5a00000)
  object space 115712K, 30% used [0x0000000080e00000,0x00000000830849c0,0x0000000087f00000)
 Metaspace       used 11979K, capacity 12152K, committed 12288K, reserved 1060864K
  class space    used 1393K, capacity 1451K, committed 1536K, reserved 1048576K
GC Heap History (8 events):
Event: 0.485 GC heap before
{Heap before GC invocations=1 (full 0):
 PSYoungGen      total 38400K, used 30578K [0x00000000d5a00000, 0x00000000d8480000, 0x0000000100000000)
  eden space 33280K, 91% used [0x00000000d5a00000,0x00000000d77dcb90,0x00000000d7a80000)
  from space 5120K, 0% used [0x00000000d7f80000,0x00000000d7f80000,0x00000000d8480000)
  to   space 5120K, 0% used [0x00000000d7a80000,0x00000000d7a80000,0x00000000d7f80000)
 ParOldGen       total 87552K, used 0K [0x0000000080e00000, 0x0000000086380000, 0x00000000d5a00000)
  object space 87552K, 0% used [0x0000000080e00000,0x0000000080e00000,0x0000000086380000)
 Metaspace       used 9692K, capacity 9844K, committed 9984K, reserved 1058816K
  class space    used 1173K, capacity 1259K, committed 1280K, reserved 1048576K
Event: 0.492 GC heap after
Heap after GC invocations=1 (full 0):
 PSYoungGen      total 38400K, used 4945K [0x00000000d5a00000, 0x00000000da500000, 0x0000000100000000)
  eden space 33280K, 0% used [0x00000000d5a00000,0x00000000d5a00000,0x00000000d7a80000)
  from space 5120K, 96% used [0x00000000d7a80000,0x00000000d7f54490,0x00000000d7f80000)
  to   space 5120K, 0% used [0x00000000da000000,0x00000000da000000,0x00000000da500000)
 ParOldGen       total 87552K, used 15126K [0x0000000080e00000, 0x0000000086380000, 0x00000000d5a00000)
  object space 87552K, 17% used [0x0000000080e00000,0x0000000081cc5880,0x0000000086380000)
 Metaspace       used 9692K, capacity 9844K, committed 9984K, reserved 1058816K
  class space    used 1173K, capacity 1259K, committed 1280K, reserved 1048576K
}
Event: 0.658 GC heap before
{Heap before GC invocations=2 (full 0):
 PSYoungGen      total 38400K, used 37709K [0x00000000d5a00000, 0x00000000da500000, 0x0000000100000000)
  eden space 33280K, 98% used [0x00000000d5a00000,0x00000000d79ff0e8,0x00000000d7a80000)
  from space 5120K, 96% used [0x00000000d7a80000,0x00000000d7f54490,0x00000000d7f80000)
  to   space 5120K, 0% used [0x00000000da000000,0x00000000da000000,0x00000000da500000)
 ParOldGen       total 87552K, used 15126K [0x0000000080e00000, 0x0000000086380000, 0x00000000d5a00000)
  object space 87552K, 17% used [0x0000000080e00000,0x0000000081cc5880,0x0000000086380000)
 Metaspace       used 9722K, capacity 9908K, committed 9984K, reserved 1058816K
  class space    used 1173K, capacity 1259K, committed 1280K, reserved 1048576K
Event: 0.667 GC heap after
Heap after GC invocations=2 (full 0):
 PSYoungGen      total 71680K, used 5001K [0x00000000d5a00000, 0x00000000da500000, 0x0000000100000000)
  eden space 66560K, 0% used [0x00000000d5a00000,0x00000000d5a00000,0x00000000d9b00000)
  from space 5120K, 97% used [0x00000000da000000,0x00000000da4e24b0,0x00000000da500000)
  to   space 5120K, 0% used [0x00000000d9b00000,0x00000000d9b00000,0x00000000da000000)
 ParOldGen       total 87552K, used 46170K [0x0000000080e00000, 0x0000000086380000, 0x00000000d5a00000)
  object space 87552K, 52% used [0x0000000080e00000,0x0000000083b16ae0,0x0000000086380000)
 Metaspace       used 9722K, capacity 9908K, committed 9984K, reserved 1058816K
  class space    used 1173K, capacity 1259K, committed 1280K, reserved 1048576K
}
Event: 0.923 GC heap before
{Heap before GC invocations=3 (full 0):
 PSYoungGen      total 71680K, used 71561K [0x00000000d5a00000, 0x00000000da500000, 0x0000000100000000)
  eden space 66560K, 100% used [0x00000000d5a00000,0x00000000d9b00000,0x00000000d9b00000)
  from space 5120K, 97% used [0x00000000da000000,0x00000000da4e24b0,0x00000000da500000)
  to   space 5120K, 0% used [0x00000000d9b00000,0x00000000d9b00000,0x00000000da000000)
 ParOldGen       total 87552K, used 46170K [0x0000000080e00000, 0x0000000086380000, 0x00000000d5a00000)
  object space 87552K, 52% used [0x0000000080e00000,0x0000000083b16ae0,0x0000000086380000)
 Metaspace       used 11577K, capacity 11832K, committed 12032K, reserved 1060864K
  class space    used 1360K, capacity 1451K, committed 1536K, reserved 1048576K
Event: 0.929 GC heap after
Heap after GC invocations=3 (full 0):
 PSYoungGen      total 71680K, used 5115K [0x00000000d5a00000, 0x00000000de600000, 0x0000000100000000)
  eden space 66560K, 0% used [0x00000000d5a00000,0x00000000d5a00000,0x00000000d9b00000)
  from space 5120K, 99% used [0x00000000d9b00000,0x00000000d9ffefe0,0x00000000da000000)
  to   space 5120K, 0% used [0x00000000de100000,0x00000000de100000,0x00000000de600000)
 ParOldGen       total 87552K, used 58704K [0x0000000080e00000, 0x0000000086380000, 0x00000000d5a00000)
  object space 87552K, 67% used [0x0000000080e00000,0x00000000847543e8,0x0000000086380000)
 Metaspace       used 11577K, capacity 11832K, committed 12032K, reserved 1060864K
  class space    used 1360K, capacity 1451K, committed 1536K, reserved 1048576K
}
Event: 0.929 GC heap before
{Heap before GC invocations=4 (full 1):
 PSYoungGen      total 71680K, used 5115K [0x00000000d5a00000, 0x00000000de600000, 0x0000000100000000)
  eden space 66560K, 0% used [0x00000000d5a00000,0x00000000d5a00000,0x00000000d9b00000)
  from space 5120K, 99% used [0x00000000d9b00000,0x00000000d9ffefe0,0x00000000da000000)
  to   space 5120K, 0% used [0x00000000de100000,0x00000000de100000,0x00000000de600000)
 ParOldGen       total 87552K, used 58704K [0x0000000080e00000, 0x0000000086380000, 0x00000000d5a00000)
  object space 87552K, 67% used [0x0000000080e00000,0x00000000847543e8,0x0000000086380000)
 Metaspace       used 11577K, capacity 11832K, committed 12032K, reserved 1060864K
  class space    used 1360K, capacity 1451K, committed 1536K, reserved 1048576K
Event: 0.945 GC heap after
Heap after GC invocations=4 (full 1):
 PSYoungGen      total 71680K, used 0K [0x00000000d5a00000, 0x00000000de600000, 0x0000000100000000)
  eden space 66560K, 0% used [0x00000000d5a00000,0x00000000d5a00000,0x00000000d9b00000)
  from space 5120K, 0% used [0x00000000d9b00000,0x00000000d9b00000,0x00000000da000000)
  to   space 5120K, 0% used [0x00000000de100000,0x00000000de100000,0x00000000de600000)
 ParOldGen       total 115712K, used 35346K [0x0000000080e00000, 0x0000000087f00000, 0x00000000d5a00000)
  object space 115712K, 30% used [0x0000000080e00000,0x00000000830849c0,0x0000000087f00000)
 Metaspace       used 11577K, capacity 11832K, committed 12032K, reserved 1060864K
  class space    used 1360K, capacity 1451K, committed 1536K, reserved 1048576K
}

